<?xml version="1.0" encoding="UTF-8"?>
<testsuites name="jest tests" tests="11" failures="0" errors="0" time="4.479">
  <testsuite name="USER UPDATE - /users/updateMe" errors="0" failures="0" skipped="9" timestamp="2025-05-13T03:11:58" time="4.157" tests="11">
    <testcase classname="USER UPDATE - /users/updateMe Should update the user and email" name="USER UPDATE - /users/updateMe Should update the user and email" time="0">
      <skipped/>
    </testcase>
    <testcase classname="USER UPDATE - /users/updateMe Should update the Photo" name="USER UPDATE - /users/updateMe Should update the Photo" time="0">
      <skipped/>
    </testcase>
    <testcase classname="HOMEWORK TESTING Reject password update via this route" name="HOMEWORK TESTING Reject password update via this route" time="0">
      <skipped/>
    </testcase>
    <testcase classname="HOMEWORK TESTING Reject updates without token" name="HOMEWORK TESTING Reject updates without token" time="0">
      <skipped/>
    </testcase>
    <testcase classname="HOMEWORK TESTING Reject invalid email format" name="HOMEWORK TESTING Reject invalid email format" time="0">
      <skipped/>
    </testcase>
    <testcase classname="HOMEWORK TESTING Reject requests with an invalid token" name="HOMEWORK TESTING Reject requests with an invalid token" time="0">
      <skipped/>
    </testcase>
    <testcase classname="HOMEWORK TESTING Successfully update the user and email" name="HOMEWORK TESTING Successfully update the user and email" time="0">
      <skipped/>
    </testcase>
    <testcase classname="HOMEWORK TESTING Successfully upload profile picture" name="HOMEWORK TESTING Successfully upload profile picture" time="0">
      <skipped/>
    </testcase>
    <testcase classname="HOMEWORK TESTING Ensure login still works after updates" name="HOMEWORK TESTING Ensure login still works after updates" time="0">
      <skipped/>
    </testcase>
    <testcase classname="MONGODB CONNECTION Connect to the collection and find user" name="MONGODB CONNECTION Connect to the collection and find user" time="0.124">
    </testcase>
    <testcase classname="MONGODB CONNECTION Created new user with imported data" name="MONGODB CONNECTION Created new user with imported data" time="0.735">
    </testcase>
  </testsuite>
</testsuites>