<?xml version="1.0" encoding="UTF-8"?>
<testsuites name="jest tests" tests="28" failures="0" errors="0" time="3.851">
  <testsuite name="USER UPDATE - /users/updateMe" errors="0" failures="0" skipped="27" timestamp="2025-06-08T19:21:01" time="3.594" tests="28">
    <testcase classname="USER UPDATE - /users/updateMe Should update the user and email" name="USER UPDATE - /users/updateMe Should update the user and email" time="0">
      <skipped/>
    </testcase>
    <testcase classname="USER UPDATE - /users/updateMe Should update the Photo" name="USER UPDATE - /users/updateMe Should update the Photo" time="0">
      <skipped/>
    </testcase>
    <testcase classname="HOMEWORK TESTING Reject password update via this route" name="HOMEWORK TESTING Reject password update via this route" time="0">
      <skipped/>
    </testcase>
    <testcase classname="HOMEWORK TESTING Reject updates without token" name="HOMEWORK TESTING Reject updates without token" time="0">
      <skipped/>
    </testcase>
    <testcase classname="HOMEWORK TESTING Reject invalid email format" name="HOMEWORK TESTING Reject invalid email format" time="0">
      <skipped/>
    </testcase>
    <testcase classname="HOMEWORK TESTING Reject requests with an invalid token" name="HOMEWORK TESTING Reject requests with an invalid token" time="0">
      <skipped/>
    </testcase>
    <testcase classname="HOMEWORK TESTING Successfully update the user and email" name="HOMEWORK TESTING Successfully update the user and email" time="0">
      <skipped/>
    </testcase>
    <testcase classname="HOMEWORK TESTING Successfully upload profile picture" name="HOMEWORK TESTING Successfully upload profile picture" time="0">
      <skipped/>
    </testcase>
    <testcase classname="HOMEWORK TESTING Ensure login still works after updates" name="HOMEWORK TESTING Ensure login still works after updates" time="0">
      <skipped/>
    </testcase>
    <testcase classname="MONGODB training for user" name="MONGODB training for user" time="0">
      <skipped/>
    </testcase>
    <testcase classname="MONGODB create user - training" name="MONGODB create user - training" time="0">
      <skipped/>
    </testcase>
    <testcase classname="MONGODB Method insert One" name="MONGODB Method insert One" time="0">
      <skipped/>
    </testcase>
    <testcase classname="MONGODB Method insert Many" name="MONGODB Method insert Many" time="0">
      <skipped/>
    </testcase>
    <testcase classname="MONGODB Method find One" name="MONGODB Method find One" time="0">
      <skipped/>
    </testcase>
    <testcase classname="MONGODB Method find" name="MONGODB Method find" time="0">
      <skipped/>
    </testcase>
    <testcase classname="MONGODB Method countDocuments" name="MONGODB Method countDocuments" time="0">
      <skipped/>
    </testcase>
    <testcase classname="MONGODB Method distinct" name="MONGODB Method distinct" time="0.104">
    </testcase>
    <testcase classname="MONGODB Method find One" name="MONGODB Method find One" time="0">
      <skipped/>
    </testcase>
    <testcase classname="MONGODB Method find One" name="MONGODB Method find One" time="0">
      <skipped/>
    </testcase>
    <testcase classname="MONGODB Method find One" name="MONGODB Method find One" time="0">
      <skipped/>
    </testcase>
    <testcase classname="MONGODB Method find One" name="MONGODB Method find One" time="0">
      <skipped/>
    </testcase>
    <testcase classname="MONGODB Method find One" name="MONGODB Method find One" time="0">
      <skipped/>
    </testcase>
    <testcase classname="MONGODB Method find One" name="MONGODB Method find One" time="0">
      <skipped/>
    </testcase>
    <testcase classname="MONGODB Method find One" name="MONGODB Method find One" time="0">
      <skipped/>
    </testcase>
    <testcase classname="MONGODB Method find One" name="MONGODB Method find One" time="0">
      <skipped/>
    </testcase>
    <testcase classname="MONGODB Method find One" name="MONGODB Method find One" time="0">
      <skipped/>
    </testcase>
    <testcase classname="MONGODB Method find One" name="MONGODB Method find One" time="0">
      <skipped/>
    </testcase>
    <testcase classname="MONGODB Method find One" name="MONGODB Method find One" time="0">
      <skipped/>
    </testcase>
  </testsuite>
</testsuites>