<?xml version="1.0" encoding="UTF-8"?>
<testsuites name="jest tests" tests="1" failures="0" errors="0" time="3.938">
  <testsuite name="MONGODB TESTS FOR TOUR" errors="0" failures="0" skipped="0" timestamp="2025-06-15T18:22:32" time="3.582" tests="1">
    <testcase classname="MONGODB TESTS FOR TOUR create tour - first version" name="MONGODB TESTS FOR TOUR create tour - first version" time="0.104">
    </testcase>
  </testsuite>
</testsuites>